<?xml version="1.0" encoding="UTF-8"?>
<testng-results skipped="0" failed="0" total="2" passed="2">
  <reporter-output>
  </reporter-output>
  <suite name="Suite1" duration-ms="18356" started-at="2022-05-15T19:26:00Z" finished-at="2022-05-15T19:26:18Z">
    <groups>
      <group name="checkintest">
        <method signature="TestNg_ListenerTC3.TC1()[pri:3, instance:listeners.TestNg_ListenerTC3@74e28667]" name="TC1" class="listeners.TestNg_ListenerTC3"/>
      </group> <!-- checkintest -->
      <group name="functest">
        <method signature="TestNg_ListenerTC3.TC1()[pri:3, instance:listeners.TestNg_ListenerTC3@74e28667]" name="TC1" class="listeners.TestNg_ListenerTC3"/>
        <method signature="TestNg_ListenerTC3.TC2()[pri:2, instance:listeners.TestNg_ListenerTC3@74e28667]" name="TC2" class="listeners.TestNg_ListenerTC3"/>
      </group> <!-- functest -->
    </groups>
    <test name="Test1" duration-ms="18356" started-at="2022-05-15T19:26:00Z" finished-at="2022-05-15T19:26:18Z">
      <class name="listeners.TestNg_ListenerTC3">
        <test-method status="PASS" signature="testSetup()[pri:0, instance:listeners.TestNg_ListenerTC3@74e28667]" name="testSetup" is-config="true" duration-ms="9066" started-at="2022-05-15T15:26:00Z" finished-at="2022-05-15T15:26:09Z">
          <reporter-output>
          </reporter-output>
        </test-method> <!-- testSetup -->
        <test-method status="PASS" signature="TC2()[pri:2, instance:listeners.TestNg_ListenerTC3@74e28667]" name="TC2" duration-ms="4074" started-at="2022-05-15T15:26:09Z" finished-at="2022-05-15T15:26:13Z">
          <reporter-output>
          </reporter-output>
        </test-method> <!-- TC2 -->
        <test-method status="PASS" signature="TC1()[pri:3, instance:listeners.TestNg_ListenerTC3@74e28667]" name="TC1" duration-ms="4380" started-at="2022-05-15T15:26:13Z" finished-at="2022-05-15T15:26:17Z">
          <reporter-output>
          </reporter-output>
        </test-method> <!-- TC1 -->
        <test-method status="PASS" signature="tearDown()[pri:0, instance:listeners.TestNg_ListenerTC3@74e28667]" name="tearDown" is-config="true" duration-ms="820" started-at="2022-05-15T15:26:17Z" finished-at="2022-05-15T15:26:18Z">
          <reporter-output>
          </reporter-output>
        </test-method> <!-- tearDown -->
      </class> <!-- listeners.TestNg_ListenerTC3 -->
    </test> <!-- Test1 -->
  </suite> <!-- Suite1 -->
</testng-results>
