<?xml version="1.0" encoding="UTF-8"?>
<!-- Generated by org.testng.reporters.JUnitXMLReporter -->
<testsuite hostname="Srinath" name="Default test" tests="3" failures="0" timestamp="15 May 2022 13:54:55 GMT" time="42.976" errors="0">
  <testcase name="TC3" time="16.252" classname="listeners.TestNg_ListenerTC3"/>
  <testcase name="TC2" time="6.294" classname="listeners.TestNg_ListenerTC3"/>
  <testcase name="TC1" time="10.562" classname="listeners.TestNg_ListenerTC3"/>
</testsuite> <!-- Default test -->
