<?xml version="1.0" encoding="UTF-8"?>
<!-- Generated by org.testng.reporters.JUnitXMLReporter -->
<testsuite hostname="Srinath" name="Test(failed)" tests="6" failures="3" timestamp="15 May 2022 13:16:46 GMT" time="26.389" errors="0">
  <testcase name="TC2" time="5.381" classname="listeners.TestNg_ListenerTC3">
    <failure type="java.lang.AssertionError" message="expected [true] but found [false]">
      <![CDATA[java.lang.AssertionError: expected [true] but found [false]
	at listeners.TestNg_ListenerTC3.TC2(TestNg_ListenerTC3.java:51)
... Removed 28 stack frames]]>
    </failure>
  </testcase> <!-- TC2 -->
  <testcase name="TC3" time="0.0" classname="listeners.TestNg_ListenerTC3">
    <skipped/>
  </testcase> <!-- TC3 -->
  <testcase name="TC2" time="3.687" classname="listeners.TestNg_ListenerTC1">
    <failure type="java.lang.AssertionError" message="expected [true] but found [false]">
      <![CDATA[java.lang.AssertionError: expected [true] but found [false]
	at listeners.TestNg_ListenerTC1.TC2(TestNg_ListenerTC1.java:52)
... Removed 28 stack frames]]>
    </failure>
  </testcase> <!-- TC2 -->
  <testcase name="TC3" time="0.0" classname="listeners.TestNg_ListenerTC1">
    <skipped/>
  </testcase> <!-- TC3 -->
  <testcase name="TC2" time="3.637" classname="listeners.TestNg_ListenerTC2">
    <failure type="java.lang.AssertionError" message="expected [true] but found [false]">
      <![CDATA[java.lang.AssertionError: expected [true] but found [false]
	at listeners.TestNg_ListenerTC2.TC2(TestNg_ListenerTC2.java:51)
... Removed 28 stack frames]]>
    </failure>
  </testcase> <!-- TC2 -->
  <testcase name="TC3" time="0.0" classname="listeners.TestNg_ListenerTC2">
    <skipped/>
  </testcase> <!-- TC3 -->
</testsuite> <!-- Test(failed) -->
